{"C:\\Users\\pochk\\stellar-burgers\\src\\slices\\feedSlice.ts": {"path":"C:\\Users\\pochk\\stellar-burgers\\src\\slices\\feedSlice.ts","statementMap":{"0":{"start":{"line":1,"column":0},"end":{"line":1,"column":65}},"1":{"start":{"line":2,"column":0},"end":{"line":2,"column":50}},"2":{"start":{"line":14,"column":13},"end":{"line":20,"column":2}},"3":{"start":{"line":22,"column":13},"end":{"line":25,"column":3}},"4":{"start":{"line":22,"column":65},"end":{"line":25,"column":2}},"5":{"start":{"line":23,"column":14},"end":{"line":23,"column":null}},"6":{"start":{"line":23,"column":8},"end":{"line":23,"column":null}},"7":{"start":{"line":24,"column":2},"end":{"line":24,"column":13}},"8":{"start":{"line":27,"column":18},"end":{"line":48,"column":2}},"9":{"start":{"line":32,"column":4},"end":{"line":46,"column":9}},"10":{"start":{"line":34,"column":8},"end":{"line":34,"column":29}},"11":{"start":{"line":35,"column":8},"end":{"line":35,"column":27}},"12":{"start":{"line":38,"column":8},"end":{"line":38,"column":30}},"13":{"start":{"line":39,"column":8},"end":{"line":39,"column":45}},"14":{"start":{"line":40,"column":8},"end":{"line":40,"column":43}},"15":{"start":{"line":41,"column":8},"end":{"line":41,"column":53}},"16":{"start":{"line":44,"column":8},"end":{"line":44,"column":30}},"17":{"start":{"line":45,"column":8},"end":{"line":45,"column":54}},"18":{"start":{"line":50,"column":32},"end":{"line":50,"column":59}},"19":{"start":{"line":50,"column":54},"end":{"line":50,"column":72}},"20":{"start":{"line":50,"column":13},"end":{"line":50,"column":32}},"21":{"start":{"line":51,"column":26},"end":{"line":51,"column":53}},"22":{"start":{"line":51,"column":48},"end":{"line":51,"column":59}},"23":{"start":{"line":51,"column":13},"end":{"line":51,"column":26}},"24":{"start":{"line":53,"column":0},"end":{"line":53,"column":33}}},"fnMap":{"0":{"name":"(anonymous_13)","decl":{"start":{"line":22,"column":65},"end":{"line":22,"column":null}},"loc":{"start":{"line":22,"column":65},"end":{"line":25,"column":2}}},"1":{"name":"(anonymous_16)","decl":{"start":{"line":31,"column":17},"end":{"line":31,"column":18}},"loc":{"start":{"line":31,"column":25},"end":{"line":47,"column":3}}},"2":{"name":"(anonymous_17)","decl":{"start":{"line":33,"column":39},"end":{"line":33,"column":40}},"loc":{"start":{"line":33,"column":45},"end":{"line":36,"column":7}}},"3":{"name":"(anonymous_18)","decl":{"start":{"line":37,"column":41},"end":{"line":37,"column":42}},"loc":{"start":{"line":37,"column":55},"end":{"line":42,"column":7}}},"4":{"name":"(anonymous_19)","decl":{"start":{"line":43,"column":40},"end":{"line":43,"column":41}},"loc":{"start":{"line":43,"column":46},"end":{"line":46,"column":7}}},"5":{"name":"(anonymous_20)","decl":{"start":{"line":50,"column":32},"end":{"line":50,"column":33}},"loc":{"start":{"line":50,"column":49},"end":{"line":50,"column":59}}},"6":{"name":"(anonymous_21)","decl":{"start":{"line":51,"column":26},"end":{"line":51,"column":27}},"loc":{"start":{"line":51,"column":43},"end":{"line":51,"column":53}}}},"branchMap":{"0":{"loc":{"start":{"line":23,"column":14},"end":{"line":23,"column":null}},"type":"switch","locations":[{"start":{"line":23,"column":14},"end":{"line":23,"column":null}}]}},"s":{"0":1,"1":1,"2":1,"3":1,"4":0,"5":0,"6":0,"7":0,"8":1,"9":1,"10":1,"11":1,"12":1,"13":1,"14":1,"15":1,"16":1,"17":1,"18":1,"19":0,"20":1,"21":1,"22":0,"23":1,"24":1},"f":{"0":0,"1":1,"2":1,"3":1,"4":1,"5":0,"6":0},"b":{"0":[0]}}
,"C:\\Users\\pochk\\stellar-burgers\\src\\slices\\ingredientsSlice.ts": {"path":"C:\\Users\\pochk\\stellar-burgers\\src\\slices\\ingredientsSlice.ts","statementMap":{"0":{"start":{"line":1,"column":0},"end":{"line":1,"column":65}},"1":{"start":{"line":2,"column":0},"end":{"line":2,"column":56}},"2":{"start":{"line":6,"column":13},"end":{"line":9,"column":2}},"3":{"start":{"line":11,"column":13},"end":{"line":15,"column":2}},"4":{"start":{"line":17,"column":25},"end":{"line":35,"column":2}},"5":{"start":{"line":22,"column":4},"end":{"line":33,"column":9}},"6":{"start":{"line":24,"column":8},"end":{"line":24,"column":29}},"7":{"start":{"line":27,"column":8},"end":{"line":27,"column":30}},"8":{"start":{"line":28,"column":8},"end":{"line":28,"column":37}},"9":{"start":{"line":31,"column":8},"end":{"line":31,"column":30}},"10":{"start":{"line":32,"column":8},"end":{"line":32,"column":40}},"11":{"start":{"line":37,"column":33},"end":{"line":37,"column":60}},"12":{"start":{"line":37,"column":55},"end":{"line":37,"column":79}},"13":{"start":{"line":37,"column":13},"end":{"line":37,"column":33}},"14":{"start":{"line":38,"column":40},"end":{"line":39,"column":7}},"15":{"start":{"line":39,"column":2},"end":{"line":39,"column":28}},"16":{"start":{"line":38,"column":13},"end":{"line":38,"column":40}},"17":{"start":{"line":41,"column":0},"end":{"line":41,"column":40}}},"fnMap":{"0":{"name":"(anonymous_0)","decl":{"start":{"line":21,"column":17},"end":{"line":21,"column":18}},"loc":{"start":{"line":21,"column":25},"end":{"line":34,"column":3}}},"1":{"name":"(anonymous_1)","decl":{"start":{"line":23,"column":46},"end":{"line":23,"column":47}},"loc":{"start":{"line":23,"column":52},"end":{"line":25,"column":7}}},"2":{"name":"(anonymous_2)","decl":{"start":{"line":26,"column":48},"end":{"line":26,"column":49}},"loc":{"start":{"line":26,"column":62},"end":{"line":29,"column":7}}},"3":{"name":"(anonymous_3)","decl":{"start":{"line":30,"column":47},"end":{"line":30,"column":48}},"loc":{"start":{"line":30,"column":53},"end":{"line":33,"column":7}}},"4":{"name":"(anonymous_4)","decl":{"start":{"line":37,"column":33},"end":{"line":37,"column":34}},"loc":{"start":{"line":37,"column":50},"end":{"line":37,"column":60}}},"5":{"name":"(anonymous_5)","decl":{"start":{"line":38,"column":40},"end":{"line":38,"column":41}},"loc":{"start":{"line":38,"column":57},"end":{"line":39,"column":7}}}},"branchMap":{},"s":{"0":1,"1":1,"2":1,"3":1,"4":1,"5":1,"6":1,"7":1,"8":1,"9":1,"10":1,"11":1,"12":0,"13":1,"14":1,"15":0,"16":1,"17":1},"f":{"0":1,"1":1,"2":1,"3":1,"4":0,"5":0},"b":{}}
,"C:\\Users\\pochk\\stellar-burgers\\src\\slices\\orderSlice.ts": {"path":"C:\\Users\\pochk\\stellar-burgers\\src\\slices\\orderSlice.ts","statementMap":{"0":{"start":{"line":1,"column":0},"end":{"line":1,"column":80}},"1":{"start":{"line":2,"column":0},"end":{"line":2,"column":53}},"2":{"start":{"line":16,"column":13},"end":{"line":24,"column":2}},"3":{"start":{"line":26,"column":13},"end":{"line":40,"column":2}},"4":{"start":{"line":28,"column":22},"end":{"line":28,"column":24}},"5":{"start":{"line":29,"column":10},"end":{"line":29,"column":42}},"6":{"start":{"line":30,"column":10},"end":{"line":30,"column":47}},"7":{"start":{"line":32,"column":10},"end":{"line":36,"column":34}},"8":{"start":{"line":34,"column":38},"end":{"line":34,"column":44}},"9":{"start":{"line":38,"column":11},"end":{"line":38,"column":37}},"10":{"start":{"line":38,"column":4},"end":{"line":38,"column":37}},"11":{"start":{"line":42,"column":19},"end":{"line":106,"column":2}},"12":{"start":{"line":48,"column":6},"end":{"line":48,"column":50}},"13":{"start":{"line":57,"column":8},"end":{"line":57,"column":64}},"14":{"start":{"line":60,"column":8},"end":{"line":65,"column":10}},"15":{"start":{"line":71,"column":6},"end":{"line":71,"column":67}},"16":{"start":{"line":79,"column":37},"end":{"line":79,"column":51}},"17":{"start":{"line":79,"column":23},"end":{"line":79,"column":25}},"18":{"start":{"line":79,"column":32},"end":{"line":79,"column":37}},"19":{"start":{"line":80,"column":20},"end":{"line":80,"column":54}},"20":{"start":{"line":81,"column":22},"end":{"line":81,"column":49}},"21":{"start":{"line":82,"column":6},"end":{"line":82,"column":38}},"22":{"start":{"line":86,"column":6},"end":{"line":86,"column":34}},"23":{"start":{"line":91,"column":4},"end":{"line":104,"column":9}},"24":{"start":{"line":93,"column":8},"end":{"line":93,"column":34}},"25":{"start":{"line":94,"column":8},"end":{"line":94,"column":27}},"26":{"start":{"line":97,"column":8},"end":{"line":97,"column":35}},"27":{"start":{"line":98,"column":8},"end":{"line":98,"column":59}},"28":{"start":{"line":99,"column":8},"end":{"line":99,"column":64}},"29":{"start":{"line":102,"column":8},"end":{"line":102,"column":35}},"30":{"start":{"line":103,"column":8},"end":{"line":103,"column":49}},"31":{"start":{"line":109,"column":2},"end":{"line":113,"column":null}},"32":{"start":{"line":116,"column":0},"end":{"line":116,"column":34}}},"fnMap":{"0":{"name":"(anonymous_16)","decl":{"start":{"line":28,"column":2},"end":{"line":28,"column":9}},"loc":{"start":{"line":28,"column":24},"end":{"line":39,"column":null}}},"1":{"name":"(anonymous_19)","decl":{"start":{"line":34,"column":31},"end":{"line":34,"column":32}},"loc":{"start":{"line":34,"column":33},"end":{"line":34,"column":39}}},"2":{"name":"(anonymous_20)","decl":{"start":{"line":47,"column":10},"end":{"line":47,"column":11}},"loc":{"start":{"line":47,"column":52},"end":{"line":49,"column":5}}},"3":{"name":"(anonymous_21)","decl":{"start":{"line":53,"column":13},"end":{"line":53,"column":null}},"loc":{"start":{"line":55,"column":70},"end":{"line":58,"column":7}}},"4":{"name":"(anonymous_22)","decl":{"start":{"line":59,"column":13},"end":{"line":59,"column":14}},"loc":{"start":{"line":59,"column":37},"end":{"line":66,"column":7}}},"5":{"name":"(anonymous_23)","decl":{"start":{"line":70,"column":20},"end":{"line":70,"column":21}},"loc":{"start":{"line":70,"column":57},"end":{"line":72,"column":5}}},"6":{"name":"(anonymous_24)","decl":{"start":{"line":75,"column":18},"end":{"line":75,"column":null}},"loc":{"start":{"line":77,"column":67},"end":{"line":83,"column":5}}},"7":{"name":"(anonymous_25)","decl":{"start":{"line":85,"column":19},"end":{"line":85,"column":20}},"loc":{"start":{"line":85,"column":25},"end":{"line":87,"column":5}}},"8":{"name":"(anonymous_26)","decl":{"start":{"line":90,"column":17},"end":{"line":90,"column":18}},"loc":{"start":{"line":90,"column":25},"end":{"line":105,"column":3}}},"9":{"name":"(anonymous_27)","decl":{"start":{"line":92,"column":36},"end":{"line":92,"column":37}},"loc":{"start":{"line":92,"column":42},"end":{"line":95,"column":7}}},"10":{"name":"(anonymous_28)","decl":{"start":{"line":96,"column":38},"end":{"line":96,"column":39}},"loc":{"start":{"line":96,"column":52},"end":{"line":100,"column":7}}},"11":{"name":"(anonymous_29)","decl":{"start":{"line":101,"column":37},"end":{"line":101,"column":38}},"loc":{"start":{"line":101,"column":43},"end":{"line":104,"column":7}}}},"branchMap":{"0":{"loc":{"start":{"line":38,"column":4},"end":{"line":38,"column":37}},"type":"switch","locations":[{"start":{"line":38,"column":4},"end":{"line":38,"column":37}}]},"1":{"loc":{"start":{"line":33,"column":6},"end":{"line":33,"column":20}},"type":"cond-expr","locations":[{"start":{"line":33,"column":15},"end":{"line":33,"column":17}},{"start":{"line":33,"column":15},"end":{"line":33,"column":20}}]},"2":{"loc":{"start":{"line":33,"column":6},"end":{"line":33,"column":17}},"type":"binary-expr","locations":[{"start":{"line":33,"column":6},"end":{"line":33,"column":17}},{"start":{"line":33,"column":15},"end":{"line":33,"column":17}}]},"3":{"loc":{"start":{"line":35,"column":6},"end":{"line":35,"column":20}},"type":"cond-expr","locations":[{"start":{"line":35,"column":15},"end":{"line":35,"column":17}},{"start":{"line":35,"column":15},"end":{"line":35,"column":20}}]},"4":{"loc":{"start":{"line":35,"column":6},"end":{"line":35,"column":17}},"type":"binary-expr","locations":[{"start":{"line":35,"column":6},"end":{"line":35,"column":17}},{"start":{"line":35,"column":15},"end":{"line":35,"column":17}}]}},"s":{"0":1,"1":1,"2":1,"3":1,"4":0,"5":0,"6":0,"7":0,"8":0,"9":0,"10":0,"11":1,"12":1,"13":1,"14":1,"15":1,"16":1,"17":1,"18":1,"19":1,"20":1,"21":1,"22":1,"23":1,"24":1,"25":1,"26":1,"27":1,"28":1,"29":1,"30":1,"31":1,"32":1},"f":{"0":0,"1":0,"2":1,"3":1,"4":1,"5":1,"6":1,"7":1,"8":1,"9":1,"10":1,"11":1},"b":{"0":[0],"1":[0,0],"2":[0,0],"3":[0,0],"4":[0,0]}}
,"C:\\Users\\pochk\\stellar-burgers\\src\\slices\\ordersFeedSlice.ts": {"path":"C:\\Users\\pochk\\stellar-burgers\\src\\slices\\ordersFeedSlice.ts","statementMap":{"0":{"start":{"line":1,"column":0},"end":{"line":1,"column":65}},"1":{"start":{"line":2,"column":0},"end":{"line":2,"column":58}},"2":{"start":{"line":13,"column":13},"end":{"line":18,"column":2}},"3":{"start":{"line":20,"column":13},"end":{"line":26,"column":2}},"4":{"start":{"line":22,"column":23},"end":{"line":25,"column":null}},"5":{"start":{"line":23,"column":17},"end":{"line":23,"column":null}},"6":{"start":{"line":23,"column":10},"end":{"line":23,"column":null}},"7":{"start":{"line":24,"column":4},"end":{"line":24,"column":26}},"8":{"start":{"line":28,"column":24},"end":{"line":48,"column":2}},"9":{"start":{"line":33,"column":6},"end":{"line":33,"column":29}},"10":{"start":{"line":36,"column":6},"end":{"line":36,"column":30}},"11":{"start":{"line":37,"column":6},"end":{"line":37,"column":24}},"12":{"start":{"line":40,"column":6},"end":{"line":40,"column":36}},"13":{"start":{"line":44,"column":4},"end":{"line":46,"column":7}},"14":{"start":{"line":45,"column":6},"end":{"line":45,"column":43}},"15":{"start":{"line":50,"column":35},"end":{"line":51,"column":7}},"16":{"start":{"line":51,"column":2},"end":{"line":51,"column":33}},"17":{"start":{"line":50,"column":13},"end":{"line":50,"column":35}},"18":{"start":{"line":53,"column":15},"end":{"line":53,"column":null}},"19":{"start":{"line":56,"column":0},"end":{"line":56,"column":39}}},"fnMap":{"0":{"name":"(anonymous_13)","decl":{"start":{"line":22,"column":2},"end":{"line":22,"column":9}},"loc":{"start":{"line":22,"column":23},"end":{"line":25,"column":null}}},"1":{"name":"(anonymous_14)","decl":{"start":{"line":22,"column":23},"end":{"line":22,"column":null}},"loc":{"start":{"line":22,"column":23},"end":{"line":25,"column":null}}},"2":{"name":"(anonymous_16)","decl":{"start":{"line":32,"column":21},"end":{"line":32,"column":22}},"loc":{"start":{"line":32,"column":27},"end":{"line":34,"column":5}}},"3":{"name":"(anonymous_17)","decl":{"start":{"line":35,"column":24},"end":{"line":35,"column":25}},"loc":{"start":{"line":35,"column":30},"end":{"line":38,"column":5}}},"4":{"name":"(anonymous_18)","decl":{"start":{"line":39,"column":17},"end":{"line":39,"column":18}},"loc":{"start":{"line":39,"column":31},"end":{"line":41,"column":5}}},"5":{"name":"(anonymous_19)","decl":{"start":{"line":43,"column":17},"end":{"line":43,"column":18}},"loc":{"start":{"line":43,"column":25},"end":{"line":47,"column":3}}},"6":{"name":"(anonymous_20)","decl":{"start":{"line":44,"column":55},"end":{"line":44,"column":56}},"loc":{"start":{"line":44,"column":69},"end":{"line":46,"column":5}}},"7":{"name":"(anonymous_21)","decl":{"start":{"line":50,"column":35},"end":{"line":50,"column":36}},"loc":{"start":{"line":50,"column":52},"end":{"line":51,"column":7}}}},"branchMap":{"0":{"loc":{"start":{"line":23,"column":17},"end":{"line":23,"column":null}},"type":"switch","locations":[{"start":{"line":23,"column":17},"end":{"line":23,"column":null}}]}},"s":{"0":1,"1":1,"2":1,"3":1,"4":0,"5":0,"6":0,"7":0,"8":1,"9":1,"10":1,"11":1,"12":1,"13":1,"14":1,"15":1,"16":0,"17":1,"18":1,"19":1},"f":{"0":0,"1":0,"2":1,"3":1,"4":1,"5":1,"6":1,"7":0},"b":{"0":[0]}}
,"C:\\Users\\pochk\\stellar-burgers\\src\\slices\\profileOrdersSlice.ts": {"path":"C:\\Users\\pochk\\stellar-burgers\\src\\slices\\profileOrdersSlice.ts","statementMap":{"0":{"start":{"line":1,"column":0},"end":{"line":1,"column":65}},"1":{"start":{"line":2,"column":0},"end":{"line":2,"column":72}},"2":{"start":{"line":13,"column":13},"end":{"line":18,"column":2}},"3":{"start":{"line":20,"column":13},"end":{"line":23,"column":2}},"4":{"start":{"line":25,"column":13},"end":{"line":31,"column":2}},"5":{"start":{"line":27,"column":23},"end":{"line":30,"column":null}},"6":{"start":{"line":28,"column":16},"end":{"line":28,"column":null}},"7":{"start":{"line":28,"column":10},"end":{"line":28,"column":null}},"8":{"start":{"line":29,"column":4},"end":{"line":29,"column":25}},"9":{"start":{"line":33,"column":27},"end":{"line":54,"column":2}},"10":{"start":{"line":38,"column":6},"end":{"line":38,"column":31}},"11":{"start":{"line":42,"column":4},"end":{"line":52,"column":9}},"12":{"start":{"line":44,"column":8},"end":{"line":44,"column":29}},"13":{"start":{"line":47,"column":8},"end":{"line":47,"column":30}},"14":{"start":{"line":48,"column":8},"end":{"line":48,"column":38}},"15":{"start":{"line":51,"column":8},"end":{"line":51,"column":43}},"16":{"start":{"line":56,"column":15},"end":{"line":56,"column":70}},"17":{"start":{"line":58,"column":35},"end":{"line":59,"column":7}},"18":{"start":{"line":59,"column":2},"end":{"line":59,"column":29}},"19":{"start":{"line":58,"column":13},"end":{"line":58,"column":35}},"20":{"start":{"line":61,"column":40},"end":{"line":62,"column":7}},"21":{"start":{"line":62,"column":2},"end":{"line":62,"column":34}},"22":{"start":{"line":61,"column":13},"end":{"line":61,"column":40}},"23":{"start":{"line":64,"column":0},"end":{"line":64,"column":42}}},"fnMap":{"0":{"name":"(anonymous_13)","decl":{"start":{"line":27,"column":2},"end":{"line":27,"column":9}},"loc":{"start":{"line":27,"column":23},"end":{"line":30,"column":null}}},"1":{"name":"(anonymous_14)","decl":{"start":{"line":27,"column":23},"end":{"line":27,"column":null}},"loc":{"start":{"line":27,"column":23},"end":{"line":30,"column":null}}},"2":{"name":"(anonymous_16)","decl":{"start":{"line":37,"column":27},"end":{"line":37,"column":28}},"loc":{"start":{"line":37,"column":33},"end":{"line":39,"column":5}}},"3":{"name":"(anonymous_17)","decl":{"start":{"line":41,"column":17},"end":{"line":41,"column":18}},"loc":{"start":{"line":41,"column":25},"end":{"line":53,"column":3}}},"4":{"name":"(anonymous_18)","decl":{"start":{"line":43,"column":48},"end":{"line":43,"column":49}},"loc":{"start":{"line":43,"column":54},"end":{"line":45,"column":7}}},"5":{"name":"(anonymous_19)","decl":{"start":{"line":46,"column":50},"end":{"line":46,"column":51}},"loc":{"start":{"line":46,"column":64},"end":{"line":49,"column":7}}},"6":{"name":"(anonymous_20)","decl":{"start":{"line":50,"column":57},"end":{"line":50,"column":58}},"loc":{"start":{"line":50,"column":71},"end":{"line":52,"column":7}}},"7":{"name":"(anonymous_21)","decl":{"start":{"line":58,"column":35},"end":{"line":58,"column":36}},"loc":{"start":{"line":58,"column":52},"end":{"line":59,"column":7}}},"8":{"name":"(anonymous_22)","decl":{"start":{"line":61,"column":40},"end":{"line":61,"column":41}},"loc":{"start":{"line":61,"column":57},"end":{"line":62,"column":7}}}},"branchMap":{"0":{"loc":{"start":{"line":28,"column":16},"end":{"line":28,"column":null}},"type":"switch","locations":[{"start":{"line":28,"column":16},"end":{"line":28,"column":null}}]}},"s":{"0":1,"1":1,"2":1,"3":1,"4":1,"5":0,"6":0,"7":0,"8":0,"9":1,"10":1,"11":1,"12":1,"13":1,"14":1,"15":1,"16":1,"17":1,"18":0,"19":1,"20":1,"21":0,"22":1,"23":1},"f":{"0":0,"1":0,"2":1,"3":1,"4":1,"5":1,"6":1,"7":0,"8":0},"b":{"0":[0]}}
,"C:\\Users\\pochk\\stellar-burgers\\src\\slices\\userSlice.ts": {"path":"C:\\Users\\pochk\\stellar-burgers\\src\\slices\\userSlice.ts","statementMap":{"0":{"start":{"line":1,"column":0},"end":{"line":1,"column":65}},"1":{"start":{"line":2,"column":0},"end":{"line":2,"column":null}},"2":{"start":{"line":9,"column":0},"end":{"line":9,"column":58}},"3":{"start":{"line":24,"column":13},"end":{"line":30,"column":2}},"4":{"start":{"line":32,"column":13},"end":{"line":42,"column":2}},"5":{"start":{"line":34,"column":64},"end":{"line":41,"column":null}},"6":{"start":{"line":35,"column":16},"end":{"line":35,"column":null}},"7":{"start":{"line":35,"column":10},"end":{"line":35,"column":null}},"8":{"start":{"line":37,"column":4},"end":{"line":37,"column":69}},"9":{"start":{"line":38,"column":4},"end":{"line":38,"column":59}},"10":{"start":{"line":40,"column":4},"end":{"line":40,"column":20}},"11":{"start":{"line":44,"column":13},"end":{"line":54,"column":2}},"12":{"start":{"line":46,"column":50},"end":{"line":53,"column":null}},"13":{"start":{"line":47,"column":16},"end":{"line":47,"column":null}},"14":{"start":{"line":47,"column":10},"end":{"line":47,"column":null}},"15":{"start":{"line":49,"column":4},"end":{"line":49,"column":69}},"16":{"start":{"line":50,"column":4},"end":{"line":50,"column":59}},"17":{"start":{"line":52,"column":4},"end":{"line":52,"column":20}},"18":{"start":{"line":56,"column":13},"end":{"line":66,"column":2}},"19":{"start":{"line":58,"column":29},"end":{"line":58,"column":31}},"20":{"start":{"line":60,"column":18},"end":{"line":60,"column":null}},"21":{"start":{"line":60,"column":12},"end":{"line":60,"column":null}},"22":{"start":{"line":61,"column":6},"end":{"line":61,"column":22}},"23":{"start":{"line":63,"column":6},"end":{"line":63,"column":35}},"24":{"start":{"line":68,"column":13},"end":{"line":74,"column":2}},"25":{"start":{"line":70,"column":65},"end":{"line":73,"column":null}},"26":{"start":{"line":71,"column":16},"end":{"line":71,"column":null}},"27":{"start":{"line":71,"column":10},"end":{"line":71,"column":null}},"28":{"start":{"line":72,"column":4},"end":{"line":72,"column":20}},"29":{"start":{"line":76,"column":13},"end":{"line":80,"column":3}},"30":{"start":{"line":76,"column":58},"end":{"line":80,"column":2}},"31":{"start":{"line":77,"column":2},"end":{"line":77,"column":20}},"32":{"start":{"line":78,"column":2},"end":{"line":78,"column":30}},"33":{"start":{"line":79,"column":2},"end":{"line":79,"column":42}},"34":{"start":{"line":82,"column":18},"end":{"line":154,"column":2}},"35":{"start":{"line":88,"column":4},"end":{"line":91,"column":7}},"36":{"start":{"line":89,"column":6},"end":{"line":89,"column":27}},"37":{"start":{"line":90,"column":6},"end":{"line":90,"column":25}},"38":{"start":{"line":92,"column":4},"end":{"line":97,"column":7}},"39":{"start":{"line":93,"column":6},"end":{"line":93,"column":28}},"40":{"start":{"line":94,"column":6},"end":{"line":94,"column":34}},"41":{"start":{"line":95,"column":6},"end":{"line":95,"column":35}},"42":{"start":{"line":96,"column":6},"end":{"line":96,"column":33}},"43":{"start":{"line":98,"column":4},"end":{"line":101,"column":7}},"44":{"start":{"line":99,"column":6},"end":{"line":99,"column":28}},"45":{"start":{"line":100,"column":6},"end":{"line":100,"column":41}},"46":{"start":{"line":103,"column":4},"end":{"line":106,"column":7}},"47":{"start":{"line":104,"column":6},"end":{"line":104,"column":27}},"48":{"start":{"line":105,"column":6},"end":{"line":105,"column":25}},"49":{"start":{"line":107,"column":4},"end":{"line":112,"column":7}},"50":{"start":{"line":108,"column":6},"end":{"line":108,"column":28}},"51":{"start":{"line":109,"column":6},"end":{"line":109,"column":34}},"52":{"start":{"line":110,"column":6},"end":{"line":110,"column":35}},"53":{"start":{"line":111,"column":6},"end":{"line":111,"column":33}},"54":{"start":{"line":113,"column":4},"end":{"line":118,"column":7}},"55":{"start":{"line":114,"column":6},"end":{"line":114,"column":28}},"56":{"start":{"line":115,"column":6},"end":{"line":115,"column":35}},"57":{"start":{"line":116,"column":6},"end":{"line":116,"column":36}},"58":{"start":{"line":117,"column":6},"end":{"line":117,"column":33}},"59":{"start":{"line":120,"column":4},"end":{"line":123,"column":7}},"60":{"start":{"line":121,"column":6},"end":{"line":121,"column":27}},"61":{"start":{"line":122,"column":6},"end":{"line":122,"column":25}},"62":{"start":{"line":124,"column":4},"end":{"line":129,"column":7}},"63":{"start":{"line":125,"column":6},"end":{"line":125,"column":28}},"64":{"start":{"line":126,"column":6},"end":{"line":126,"column":34}},"65":{"start":{"line":127,"column":6},"end":{"line":127,"column":35}},"66":{"start":{"line":128,"column":6},"end":{"line":128,"column":33}},"67":{"start":{"line":130,"column":4},"end":{"line":134,"column":7}},"68":{"start":{"line":131,"column":6},"end":{"line":131,"column":28}},"69":{"start":{"line":132,"column":6},"end":{"line":132,"column":36}},"70":{"start":{"line":133,"column":6},"end":{"line":133,"column":33}},"71":{"start":{"line":136,"column":4},"end":{"line":139,"column":7}},"72":{"start":{"line":137,"column":6},"end":{"line":137,"column":27}},"73":{"start":{"line":138,"column":6},"end":{"line":138,"column":25}},"74":{"start":{"line":140,"column":4},"end":{"line":143,"column":7}},"75":{"start":{"line":141,"column":6},"end":{"line":141,"column":28}},"76":{"start":{"line":142,"column":6},"end":{"line":142,"column":34}},"77":{"start":{"line":144,"column":4},"end":{"line":147,"column":7}},"78":{"start":{"line":145,"column":6},"end":{"line":145,"column":28}},"79":{"start":{"line":146,"column":6},"end":{"line":146,"column":48}},"80":{"start":{"line":149,"column":4},"end":{"line":152,"column":7}},"81":{"start":{"line":150,"column":6},"end":{"line":150,"column":24}},"82":{"start":{"line":151,"column":6},"end":{"line":151,"column":36}},"83":{"start":{"line":156,"column":0},"end":{"line":156,"column":33}}},"fnMap":{"0":{"name":"(anonymous_13)","decl":{"start":{"line":34,"column":2},"end":{"line":34,"column":9}},"loc":{"start":{"line":34,"column":64},"end":{"line":41,"column":null}}},"1":{"name":"(anonymous_14)","decl":{"start":{"line":34,"column":64},"end":{"line":34,"column":null}},"loc":{"start":{"line":34,"column":64},"end":{"line":41,"column":null}}},"2":{"name":"(anonymous_16)","decl":{"start":{"line":46,"column":2},"end":{"line":46,"column":9}},"loc":{"start":{"line":46,"column":50},"end":{"line":53,"column":null}}},"3":{"name":"(anonymous_17)","decl":{"start":{"line":46,"column":50},"end":{"line":46,"column":null}},"loc":{"start":{"line":46,"column":50},"end":{"line":53,"column":null}}},"4":{"name":"(anonymous_19)","decl":{"start":{"line":58,"column":2},"end":{"line":58,"column":9}},"loc":{"start":{"line":58,"column":31},"end":{"line":65,"column":null}}},"5":{"name":"(anonymous_22)","decl":{"start":{"line":70,"column":2},"end":{"line":70,"column":9}},"loc":{"start":{"line":70,"column":65},"end":{"line":73,"column":null}}},"6":{"name":"(anonymous_23)","decl":{"start":{"line":70,"column":65},"end":{"line":70,"column":null}},"loc":{"start":{"line":70,"column":65},"end":{"line":73,"column":null}}},"7":{"name":"(anonymous_25)","decl":{"start":{"line":76,"column":58},"end":{"line":76,"column":null}},"loc":{"start":{"line":76,"column":58},"end":{"line":80,"column":2}}},"8":{"name":"(anonymous_28)","decl":{"start":{"line":87,"column":17},"end":{"line":87,"column":18}},"loc":{"start":{"line":87,"column":25},"end":{"line":153,"column":3}}},"9":{"name":"(anonymous_29)","decl":{"start":{"line":88,"column":42},"end":{"line":88,"column":43}},"loc":{"start":{"line":88,"column":48},"end":{"line":91,"column":5}}},"10":{"name":"(anonymous_30)","decl":{"start":{"line":92,"column":44},"end":{"line":92,"column":45}},"loc":{"start":{"line":92,"column":58},"end":{"line":97,"column":5}}},"11":{"name":"(anonymous_31)","decl":{"start":{"line":98,"column":43},"end":{"line":98,"column":44}},"loc":{"start":{"line":98,"column":49},"end":{"line":101,"column":5}}},"12":{"name":"(anonymous_32)","decl":{"start":{"line":103,"column":39},"end":{"line":103,"column":40}},"loc":{"start":{"line":103,"column":45},"end":{"line":106,"column":5}}},"13":{"name":"(anonymous_33)","decl":{"start":{"line":107,"column":41},"end":{"line":107,"column":42}},"loc":{"start":{"line":107,"column":55},"end":{"line":112,"column":5}}},"14":{"name":"(anonymous_34)","decl":{"start":{"line":113,"column":40},"end":{"line":113,"column":41}},"loc":{"start":{"line":113,"column":46},"end":{"line":118,"column":5}}},"15":{"name":"(anonymous_35)","decl":{"start":{"line":120,"column":37},"end":{"line":120,"column":38}},"loc":{"start":{"line":120,"column":43},"end":{"line":123,"column":5}}},"16":{"name":"(anonymous_36)","decl":{"start":{"line":124,"column":39},"end":{"line":124,"column":40}},"loc":{"start":{"line":124,"column":53},"end":{"line":129,"column":5}}},"17":{"name":"(anonymous_37)","decl":{"start":{"line":130,"column":38},"end":{"line":130,"column":39}},"loc":{"start":{"line":130,"column":44},"end":{"line":134,"column":5}}},"18":{"name":"(anonymous_38)","decl":{"start":{"line":136,"column":40},"end":{"line":136,"column":41}},"loc":{"start":{"line":136,"column":46},"end":{"line":139,"column":5}}},"19":{"name":"(anonymous_39)","decl":{"start":{"line":140,"column":42},"end":{"line":140,"column":43}},"loc":{"start":{"line":140,"column":56},"end":{"line":143,"column":5}}},"20":{"name":"(anonymous_40)","decl":{"start":{"line":144,"column":41},"end":{"line":144,"column":42}},"loc":{"start":{"line":144,"column":47},"end":{"line":147,"column":5}}},"21":{"name":"(anonymous_41)","decl":{"start":{"line":149,"column":42},"end":{"line":149,"column":43}},"loc":{"start":{"line":149,"column":48},"end":{"line":152,"column":5}}}},"branchMap":{"0":{"loc":{"start":{"line":35,"column":16},"end":{"line":35,"column":null}},"type":"switch","locations":[{"start":{"line":35,"column":16},"end":{"line":35,"column":null}}]},"1":{"loc":{"start":{"line":47,"column":16},"end":{"line":47,"column":null}},"type":"switch","locations":[{"start":{"line":47,"column":16},"end":{"line":47,"column":null}}]},"2":{"loc":{"start":{"line":71,"column":16},"end":{"line":71,"column":null}},"type":"switch","locations":[{"start":{"line":71,"column":16},"end":{"line":71,"column":null}}]},"3":{"loc":{"start":{"line":77,"column":2},"end":{"line":77,"column":20}},"type":"switch","locations":[{"start":{"line":77,"column":2},"end":{"line":77,"column":20}}]}},"s":{"0":1,"1":1,"2":1,"3":1,"4":1,"5":0,"6":0,"7":0,"8":0,"9":0,"10":0,"11":1,"12":0,"13":0,"14":0,"15":0,"16":0,"17":0,"18":1,"19":0,"20":0,"21":0,"22":0,"23":0,"24":1,"25":0,"26":0,"27":0,"28":0,"29":1,"30":0,"31":0,"32":0,"33":0,"34":1,"35":1,"36":0,"37":0,"38":1,"39":0,"40":0,"41":0,"42":0,"43":1,"44":0,"45":0,"46":1,"47":1,"48":1,"49":1,"50":1,"51":1,"52":1,"53":1,"54":1,"55":1,"56":1,"57":1,"58":1,"59":1,"60":0,"61":0,"62":1,"63":0,"64":0,"65":0,"66":0,"67":1,"68":0,"69":0,"70":0,"71":1,"72":0,"73":0,"74":1,"75":0,"76":0,"77":1,"78":0,"79":0,"80":1,"81":1,"82":1,"83":1},"f":{"0":0,"1":0,"2":0,"3":0,"4":0,"5":0,"6":0,"7":0,"8":1,"9":0,"10":0,"11":0,"12":1,"13":1,"14":1,"15":0,"16":0,"17":0,"18":0,"19":0,"20":0,"21":1},"b":{"0":[0],"1":[0],"2":[0],"3":[0]}}
,"C:\\Users\\pochk\\stellar-burgers\\src\\utils\\burger-api.ts": {"path":"C:\\Users\\pochk\\stellar-burgers\\src\\utils\\burger-api.ts","statementMap":{"0":{"start":{"line":1,"column":0},"end":{"line":1,"column":48}},"1":{"start":{"line":4,"column":12},"end":{"line":4,"column":38}},"2":{"start":{"line":6,"column":22},"end":{"line":7,"column":5}},"3":{"start":{"line":7,"column":2},"end":{"line":7,"column":70}},"4":{"start":{"line":7,"column":49},"end":{"line":7,"column":69}},"5":{"start":{"line":18,"column":28},"end":{"line":19,"column":7}},"6":{"start":{"line":19,"column":2},"end":{"line":36,"column":7}},"7":{"start":{"line":26,"column":19},"end":{"line":26,"column":56}},"8":{"start":{"line":28,"column":6},"end":{"line":28,"column":53}},"9":{"start":{"line":28,"column":25},"end":{"line":28,"column":53}},"10":{"start":{"line":30,"column":25},"end":{"line":30,"column":64}},"11":{"start":{"line":32,"column":6},"end":{"line":32,"column":62}},"12":{"start":{"line":33,"column":6},"end":{"line":33,"column":43}},"13":{"start":{"line":35,"column":6},"end":{"line":35,"column":18}},"14":{"start":{"line":18,"column":13},"end":{"line":18,"column":28}},"15":{"start":{"line":38,"column":32},"end":{"line":65,"column":2}},"16":{"start":{"line":40,"column":22},"end":{"line":65,"column":2}},"17":{"start":{"line":43,"column":16},"end":{"line":43,"column":null}},"18":{"start":{"line":43,"column":10},"end":{"line":43,"column":null}},"19":{"start":{"line":44,"column":11},"end":{"line":44,"column":39}},"20":{"start":{"line":44,"column":4},"end":{"line":44,"column":39}},"21":{"start":{"line":46,"column":8},"end":{"line":46,"column":11}},"22":{"start":{"line":47,"column":22},"end":{"line":47,"column":null}},"23":{"start":{"line":47,"column":12},"end":{"line":47,"column":null}},"24":{"start":{"line":48,"column":12},"end":{"line":48,"column":68}},"25":{"start":{"line":50,"column":6},"end":{"line":52,"column":7}},"26":{"start":{"line":51,"column":9},"end":{"line":51,"column":72}},"27":{"start":{"line":54,"column":18},"end":{"line":54,"column":null}},"28":{"start":{"line":54,"column":12},"end":{"line":54,"column":null}},"29":{"start":{"line":55,"column":13},"end":{"line":55,"column":41}},"30":{"start":{"line":55,"column":6},"end":{"line":55,"column":41}},"31":{"start":{"line":59,"column":4},"end":{"line":61,"column":5}},"32":{"start":{"line":60,"column":6},"end":{"line":60,"column":48}},"33":{"start":{"line":63,"column":4},"end":{"line":63,"column":31}},"34":{"start":{"line":38,"column":13},"end":{"line":38,"column":32}},"35":{"start":{"line":69,"column":33},"end":{"line":70,"column":7}},"36":{"start":{"line":70,"column":2},"end":{"line":72,"column":71}},"37":{"start":{"line":71,"column":19},"end":{"line":71,"column":60}},"38":{"start":{"line":72,"column":20},"end":{"line":72,"column":70}},"39":{"start":{"line":69,"column":13},"end":{"line":69,"column":33}},"40":{"start":{"line":80,"column":27},"end":{"line":81,"column":7}},"41":{"start":{"line":81,"column":2},"end":{"line":83,"column":66}},"42":{"start":{"line":82,"column":19},"end":{"line":82,"column":54}},"43":{"start":{"line":83,"column":20},"end":{"line":83,"column":65}},"44":{"start":{"line":80,"column":13},"end":{"line":80,"column":27}},"45":{"start":{"line":85,"column":28},"end":{"line":86,"column":18}},"46":{"start":{"line":86,"column":2},"end":{"line":92,"column":73}},"47":{"start":{"line":92,"column":20},"end":{"line":92,"column":72}},"48":{"start":{"line":85,"column":13},"end":{"line":85,"column":28}},"49":{"start":{"line":96,"column":30},"end":{"line":97,"column":18}},"50":{"start":{"line":97,"column":2},"end":{"line":104,"column":66}},"51":{"start":{"line":104,"column":20},"end":{"line":104,"column":65}},"52":{"start":{"line":96,"column":13},"end":{"line":96,"column":30}},"53":{"start":{"line":108,"column":35},"end":{"line":109,"column":7}},"54":{"start":{"line":109,"column":2},"end":{"line":112,"column":55}},"55":{"start":{"line":112,"column":19},"end":{"line":112,"column":54}},"56":{"start":{"line":108,"column":13},"end":{"line":108,"column":35}},"57":{"start":{"line":131,"column":31},"end":{"line":132,"column":7}},"58":{"start":{"line":132,"column":2},"end":{"line":138,"column":66}},"59":{"start":{"line":137,"column":19},"end":{"line":137,"column":53}},"60":{"start":{"line":138,"column":20},"end":{"line":138,"column":65}},"61":{"start":{"line":131,"column":13},"end":{"line":131,"column":31}},"62":{"start":{"line":140,"column":28},"end":{"line":141,"column":7}},"63":{"start":{"line":141,"column":2},"end":{"line":147,"column":66}},"64":{"start":{"line":146,"column":19},"end":{"line":146,"column":53}},"65":{"start":{"line":147,"column":20},"end":{"line":147,"column":65}},"66":{"start":{"line":140,"column":13},"end":{"line":140,"column":28}},"67":{"start":{"line":149,"column":33},"end":{"line":150,"column":7}},"68":{"start":{"line":150,"column":2},"end":{"line":154,"column":39}},"69":{"start":{"line":154,"column":19},"end":{"line":154,"column":38}},"70":{"start":{"line":149,"column":13},"end":{"line":149,"column":33}},"71":{"start":{"line":156,"column":32},"end":{"line":157,"column":7}},"72":{"start":{"line":157,"column":2},"end":{"line":161,"column":39}},"73":{"start":{"line":161,"column":19},"end":{"line":161,"column":38}},"74":{"start":{"line":156,"column":13},"end":{"line":156,"column":32}},"75":{"start":{"line":165,"column":26},"end":{"line":166,"column":18}},"76":{"start":{"line":166,"column":2},"end":{"line":170,"column":5}},"77":{"start":{"line":165,"column":13},"end":{"line":165,"column":26}},"78":{"start":{"line":172,"column":29},"end":{"line":173,"column":18}},"79":{"start":{"line":173,"column":2},"end":{"line":180,"column":5}},"80":{"start":{"line":172,"column":13},"end":{"line":172,"column":29}},"81":{"start":{"line":182,"column":25},"end":{"line":183,"column":7}},"82":{"start":{"line":183,"column":2},"end":{"line":189,"column":39}},"83":{"start":{"line":189,"column":19},"end":{"line":189,"column":38}},"84":{"start":{"line":182,"column":13},"end":{"line":182,"column":25}}},"fnMap":{"0":{"name":"(anonymous_13)","decl":{"start":{"line":6,"column":22},"end":{"line":6,"column":26}},"loc":{"start":{"line":6,"column":39},"end":{"line":7,"column":5}}},"1":{"name":"(anonymous_14)","decl":{"start":{"line":7,"column":40},"end":{"line":7,"column":41}},"loc":{"start":{"line":7,"column":44},"end":{"line":7,"column":56}}},"2":{"name":"(anonymous_15)","decl":{"start":{"line":18,"column":28},"end":{"line":18,"column":null}},"loc":{"start":{"line":18,"column":28},"end":{"line":19,"column":7}}},"3":{"name":"(anonymous_16)","decl":{"start":{"line":26,"column":10},"end":{"line":26,"column":11}},"loc":{"start":{"line":26,"column":14},"end":{"line":26,"column":32}}},"4":{"name":"(anonymous_17)","decl":{"start":{"line":27,"column":10},"end":{"line":27,"column":11}},"loc":{"start":{"line":27,"column":15},"end":{"line":36,"column":5}}},"5":{"name":"(anonymous_18)","decl":{"start":{"line":38,"column":32},"end":{"line":38,"column":null}},"loc":{"start":{"line":40,"column":22},"end":{"line":65,"column":2}}},"6":{"name":"(anonymous_19)","decl":{"start":{"line":40,"column":22},"end":{"line":40,"column":null}},"loc":{"start":{"line":40,"column":22},"end":{"line":65,"column":2}}},"7":{"name":"(anonymous_21)","decl":{"start":{"line":69,"column":33},"end":{"line":69,"column":null}},"loc":{"start":{"line":69,"column":33},"end":{"line":70,"column":7}}},"8":{"name":"(anonymous_22)","decl":{"start":{"line":71,"column":10},"end":{"line":71,"column":11}},"loc":{"start":{"line":71,"column":14},"end":{"line":71,"column":32}}},"9":{"name":"(anonymous_23)","decl":{"start":{"line":72,"column":10},"end":{"line":72,"column":11}},"loc":{"start":{"line":72,"column":15},"end":{"line":72,"column":21}}},"10":{"name":"(anonymous_24)","decl":{"start":{"line":80,"column":27},"end":{"line":80,"column":null}},"loc":{"start":{"line":80,"column":27},"end":{"line":81,"column":7}}},"11":{"name":"(anonymous_25)","decl":{"start":{"line":82,"column":10},"end":{"line":82,"column":11}},"loc":{"start":{"line":82,"column":14},"end":{"line":82,"column":32}}},"12":{"name":"(anonymous_26)","decl":{"start":{"line":83,"column":10},"end":{"line":83,"column":11}},"loc":{"start":{"line":83,"column":15},"end":{"line":83,"column":21}}},"13":{"name":"(anonymous_27)","decl":{"start":{"line":85,"column":28},"end":{"line":85,"column":null}},"loc":{"start":{"line":85,"column":28},"end":{"line":86,"column":18}}},"14":{"name":"(anonymous_28)","decl":{"start":{"line":92,"column":10},"end":{"line":92,"column":11}},"loc":{"start":{"line":92,"column":15},"end":{"line":92,"column":21}}},"15":{"name":"(anonymous_29)","decl":{"start":{"line":96,"column":30},"end":{"line":96,"column":31}},"loc":{"start":{"line":96,"column":45},"end":{"line":97,"column":18}}},"16":{"name":"(anonymous_30)","decl":{"start":{"line":104,"column":10},"end":{"line":104,"column":11}},"loc":{"start":{"line":104,"column":15},"end":{"line":104,"column":21}}},"17":{"name":"(anonymous_31)","decl":{"start":{"line":108,"column":35},"end":{"line":108,"column":36}},"loc":{"start":{"line":108,"column":50},"end":{"line":109,"column":7}}},"18":{"name":"(anonymous_32)","decl":{"start":{"line":112,"column":10},"end":{"line":112,"column":11}},"loc":{"start":{"line":112,"column":14},"end":{"line":112,"column":32}}},"19":{"name":"(anonymous_33)","decl":{"start":{"line":131,"column":31},"end":{"line":131,"column":32}},"loc":{"start":{"line":131,"column":51},"end":{"line":132,"column":7}}},"20":{"name":"(anonymous_34)","decl":{"start":{"line":137,"column":10},"end":{"line":137,"column":11}},"loc":{"start":{"line":137,"column":14},"end":{"line":137,"column":32}}},"21":{"name":"(anonymous_35)","decl":{"start":{"line":138,"column":10},"end":{"line":138,"column":11}},"loc":{"start":{"line":138,"column":15},"end":{"line":138,"column":21}}},"22":{"name":"(anonymous_36)","decl":{"start":{"line":140,"column":28},"end":{"line":140,"column":29}},"loc":{"start":{"line":140,"column":45},"end":{"line":141,"column":7}}},"23":{"name":"(anonymous_37)","decl":{"start":{"line":146,"column":10},"end":{"line":146,"column":11}},"loc":{"start":{"line":146,"column":14},"end":{"line":146,"column":32}}},"24":{"name":"(anonymous_38)","decl":{"start":{"line":147,"column":10},"end":{"line":147,"column":11}},"loc":{"start":{"line":147,"column":15},"end":{"line":147,"column":21}}},"25":{"name":"(anonymous_39)","decl":{"start":{"line":149,"column":33},"end":{"line":149,"column":34}},"loc":{"start":{"line":149,"column":57},"end":{"line":150,"column":7}}},"26":{"name":"(anonymous_40)","decl":{"start":{"line":154,"column":10},"end":{"line":154,"column":11}},"loc":{"start":{"line":154,"column":14},"end":{"line":154,"column":32}}},"27":{"name":"(anonymous_41)","decl":{"start":{"line":156,"column":32},"end":{"line":156,"column":33}},"loc":{"start":{"line":156,"column":74},"end":{"line":157,"column":7}}},"28":{"name":"(anonymous_42)","decl":{"start":{"line":161,"column":10},"end":{"line":161,"column":11}},"loc":{"start":{"line":161,"column":14},"end":{"line":161,"column":32}}},"29":{"name":"(anonymous_43)","decl":{"start":{"line":165,"column":26},"end":{"line":165,"column":null}},"loc":{"start":{"line":165,"column":26},"end":{"line":166,"column":18}}},"30":{"name":"(anonymous_44)","decl":{"start":{"line":172,"column":29},"end":{"line":172,"column":30}},"loc":{"start":{"line":172,"column":58},"end":{"line":173,"column":18}}},"31":{"name":"(anonymous_45)","decl":{"start":{"line":182,"column":25},"end":{"line":182,"column":null}},"loc":{"start":{"line":182,"column":25},"end":{"line":183,"column":7}}},"32":{"name":"(anonymous_46)","decl":{"start":{"line":189,"column":10},"end":{"line":189,"column":11}},"loc":{"start":{"line":189,"column":14},"end":{"line":189,"column":32}}}},"branchMap":{"0":{"loc":{"start":{"line":7,"column":2},"end":{"line":7,"column":69}},"type":"cond-expr","locations":[{"start":{"line":7,"column":11},"end":{"line":7,"column":21}},{"start":{"line":7,"column":24},"end":{"line":7,"column":69}}]},"1":{"loc":{"start":{"line":28,"column":6},"end":{"line":28,"column":53}},"type":"if","locations":[{"start":{"line":28,"column":6},"end":{"line":28,"column":53}}]},"2":{"loc":{"start":{"line":44,"column":4},"end":{"line":44,"column":39}},"type":"switch","locations":[{"start":{"line":44,"column":4},"end":{"line":44,"column":39}},{"start":{"line":55,"column":6},"end":{"line":55,"column":41}}]},"3":{"loc":{"start":{"line":46,"column":8},"end":{"line":46,"column":11}},"type":"if","locations":[{"start":{"line":46,"column":8},"end":{"line":46,"column":11}}]},"4":{"loc":{"start":{"line":46,"column":8},"end":{"line":46,"column":20}},"type":"cond-expr","locations":[{"start":{"line":46,"column":11},"end":{"line":46,"column":13}},{"start":{"line":46,"column":8},"end":{"line":46,"column":20}}]},"5":{"loc":{"start":{"line":46,"column":8},"end":{"line":46,"column":13}},"type":"binary-expr","locations":[{"start":{"line":46,"column":8},"end":{"line":46,"column":13}},{"start":{"line":46,"column":8},"end":{"line":46,"column":13}}]},"6":{"loc":{"start":{"line":50,"column":6},"end":{"line":52,"column":7}},"type":"if","locations":[{"start":{"line":50,"column":6},"end":{"line":52,"column":7}}]},"7":{"loc":{"start":{"line":59,"column":4},"end":{"line":61,"column":5}},"type":"if","locations":[{"start":{"line":59,"column":4},"end":{"line":61,"column":5}}]},"8":{"loc":{"start":{"line":59,"column":8},"end":{"line":59,"column":59}},"type":"binary-expr","locations":[{"start":{"line":59,"column":8},"end":{"line":59,"column":27}},{"start":{"line":59,"column":31},"end":{"line":59,"column":59}}]},"9":{"loc":{"start":{"line":59,"column":8},"end":{"line":59,"column":19}},"type":"cond-expr","locations":[{"start":{"line":59,"column":11},"end":{"line":59,"column":13}},{"start":{"line":59,"column":8},"end":{"line":59,"column":19}}]},"10":{"loc":{"start":{"line":59,"column":8},"end":{"line":59,"column":13}},"type":"binary-expr","locations":[{"start":{"line":59,"column":8},"end":{"line":59,"column":13}},{"start":{"line":59,"column":8},"end":{"line":59,"column":13}}]},"11":{"loc":{"start":{"line":59,"column":31},"end":{"line":59,"column":43}},"type":"cond-expr","locations":[{"start":{"line":59,"column":34},"end":{"line":59,"column":36}},{"start":{"line":59,"column":31},"end":{"line":59,"column":43}}]},"12":{"loc":{"start":{"line":59,"column":31},"end":{"line":59,"column":36}},"type":"binary-expr","locations":[{"start":{"line":59,"column":31},"end":{"line":59,"column":36}},{"start":{"line":59,"column":31},"end":{"line":59,"column":36}}]},"13":{"loc":{"start":{"line":72,"column":21},"end":{"line":72,"column":68}},"type":"cond-expr","locations":[{"start":{"line":72,"column":36},"end":{"line":72,"column":45}},{"start":{"line":72,"column":48},"end":{"line":72,"column":68}}]},"14":{"loc":{"start":{"line":83,"column":21},"end":{"line":83,"column":63}},"type":"cond-expr","locations":[{"start":{"line":83,"column":36},"end":{"line":83,"column":40}},{"start":{"line":83,"column":43},"end":{"line":83,"column":63}}]},"15":{"loc":{"start":{"line":92,"column":21},"end":{"line":92,"column":70}},"type":"cond-expr","locations":[{"start":{"line":92,"column":36},"end":{"line":92,"column":47}},{"start":{"line":92,"column":50},"end":{"line":92,"column":70}}]},"16":{"loc":{"start":{"line":104,"column":21},"end":{"line":104,"column":63}},"type":"cond-expr","locations":[{"start":{"line":104,"column":36},"end":{"line":104,"column":40}},{"start":{"line":104,"column":43},"end":{"line":104,"column":63}}]},"17":{"loc":{"start":{"line":138,"column":21},"end":{"line":138,"column":63}},"type":"cond-expr","locations":[{"start":{"line":138,"column":36},"end":{"line":138,"column":40}},{"start":{"line":138,"column":43},"end":{"line":138,"column":63}}]},"18":{"loc":{"start":{"line":147,"column":21},"end":{"line":147,"column":63}},"type":"cond-expr","locations":[{"start":{"line":147,"column":36},"end":{"line":147,"column":40}},{"start":{"line":147,"column":43},"end":{"line":147,"column":63}}]}},"s":{"0":6,"1":6,"2":6,"3":0,"4":0,"5":6,"6":0,"7":0,"8":0,"9":0,"10":0,"11":0,"12":0,"13":0,"14":6,"15":6,"16":0,"17":0,"18":0,"19":0,"20":0,"21":0,"22":0,"23":0,"24":0,"25":0,"26":0,"27":0,"28":0,"29":0,"30":0,"31":0,"32":0,"33":0,"34":6,"35":6,"36":0,"37":0,"38":0,"39":6,"40":6,"41":0,"42":0,"43":0,"44":6,"45":6,"46":0,"47":0,"48":6,"49":6,"50":0,"51":0,"52":6,"53":6,"54":0,"55":0,"56":6,"57":6,"58":0,"59":0,"60":0,"61":6,"62":6,"63":0,"64":0,"65":0,"66":6,"67":6,"68":0,"69":0,"70":6,"71":6,"72":0,"73":0,"74":6,"75":6,"76":0,"77":6,"78":6,"79":0,"80":6,"81":6,"82":0,"83":0,"84":6},"f":{"0":0,"1":0,"2":0,"3":0,"4":0,"5":0,"6":0,"7":0,"8":0,"9":0,"10":0,"11":0,"12":0,"13":0,"14":0,"15":0,"16":0,"17":0,"18":0,"19":0,"20":0,"21":0,"22":0,"23":0,"24":0,"25":0,"26":0,"27":0,"28":0,"29":0,"30":0,"31":0,"32":0},"b":{"0":[0,0],"1":[0],"2":[0,0],"3":[0],"4":[0,0],"5":[0,0],"6":[0],"7":[0],"8":[0,0],"9":[0,0],"10":[0,0],"11":[0,0],"12":[0,0],"13":[0,0],"14":[0,0],"15":[0,0],"16":[0,0],"17":[0,0],"18":[0,0]}}
,"C:\\Users\\pochk\\stellar-burgers\\src\\utils\\cookie.ts": {"path":"C:\\Users\\pochk\\stellar-burgers\\src\\utils\\cookie.ts","statementMap":{"0":{"start":{"line":2,"column":18},"end":{"line":8,"column":null}},"1":{"start":{"line":10,"column":2},"end":{"line":10,"column":62}},"2":{"start":{"line":1,"column":0},"end":{"line":1,"column":16}},"3":{"start":{"line":16,"column":2},"end":{"line":16,"column":null}},"4":{"start":{"line":18,"column":2},"end":{"line":21,"column":4}},"5":{"start":{"line":23,"column":12},"end":{"line":23,"column":25}},"6":{"start":{"line":24,"column":2},"end":{"line":28,"column":3}},"7":{"start":{"line":25,"column":14},"end":{"line":25,"column":24}},"8":{"start":{"line":26,"column":4},"end":{"line":26,"column":40}},"9":{"start":{"line":27,"column":4},"end":{"line":27,"column":28}},"10":{"start":{"line":30,"column":2},"end":{"line":32,"column":3}},"11":{"start":{"line":31,"column":4},"end":{"line":31,"column":38}},"12":{"start":{"line":33,"column":2},"end":{"line":33,"column":36}},"13":{"start":{"line":34,"column":22},"end":{"line":34,"column":40}},"14":{"start":{"line":35,"column":2},"end":{"line":41,"column":3}},"15":{"start":{"line":36,"column":4},"end":{"line":36,"column":37}},"16":{"start":{"line":37,"column":22},"end":{"line":37,"column":37}},"17":{"start":{"line":38,"column":4},"end":{"line":40,"column":5}},"18":{"start":{"line":39,"column":6},"end":{"line":39,"column":39}},"19":{"start":{"line":42,"column":2},"end":{"line":42,"column":34}},"20":{"start":{"line":13,"column":0},"end":{"line":13,"column":16}},"21":{"start":{"line":46,"column":2},"end":{"line":46,"column":39}},"22":{"start":{"line":45,"column":0},"end":{"line":45,"column":16}}},"fnMap":{"0":{"name":"getCookie","decl":{"start":{"line":1,"column":16},"end":{"line":1,"column":25}},"loc":{"start":{"line":1,"column":38},"end":{"line":11,"column":1}}},"1":{"name":"setCookie","decl":{"start":{"line":13,"column":16},"end":{"line":13,"column":25}},"loc":{"start":{"line":16,"column":65},"end":{"line":43,"column":1}}},"2":{"name":"deleteCookie","decl":{"start":{"line":45,"column":16},"end":{"line":45,"column":28}},"loc":{"start":{"line":45,"column":41},"end":{"line":47,"column":1}}}},"branchMap":{"0":{"loc":{"start":{"line":10,"column":9},"end":{"line":10,"column":61}},"type":"cond-expr","locations":[{"start":{"line":10,"column":19},"end":{"line":10,"column":49}},{"start":{"line":10,"column":52},"end":{"line":10,"column":61}}]},"1":{"loc":{"start":{"line":16,"column":2},"end":{"line":16,"column":null}},"type":"if","locations":[{"start":{"line":16,"column":2},"end":{"line":16,"column":null}}]},"2":{"loc":{"start":{"line":24,"column":2},"end":{"line":28,"column":3}},"type":"if","locations":[{"start":{"line":24,"column":2},"end":{"line":28,"column":3}}]},"3":{"loc":{"start":{"line":24,"column":6},"end":{"line":24,"column":36}},"type":"binary-expr","locations":[{"start":{"line":24,"column":6},"end":{"line":24,"column":9}},{"start":{"line":24,"column":13},"end":{"line":24,"column":36}}]},"4":{"loc":{"start":{"line":30,"column":2},"end":{"line":32,"column":3}},"type":"if","locations":[{"start":{"line":30,"column":2},"end":{"line":32,"column":3}}]},"5":{"loc":{"start":{"line":30,"column":6},"end":{"line":30,"column":32}},"type":"binary-expr","locations":[{"start":{"line":30,"column":6},"end":{"line":30,"column":9}},{"start":{"line":30,"column":13},"end":{"line":30,"column":32}}]},"6":{"loc":{"start":{"line":38,"column":4},"end":{"line":40,"column":5}},"type":"if","locations":[{"start":{"line":38,"column":4},"end":{"line":40,"column":5}}]}},"s":{"0":0,"1":0,"2":6,"3":0,"4":0,"5":0,"6":0,"7":0,"8":0,"9":0,"10":0,"11":0,"12":0,"13":0,"14":0,"15":0,"16":0,"17":0,"18":0,"19":0,"20":6,"21":0,"22":6},"f":{"0":0,"1":0,"2":0},"b":{"0":[0,0],"1":[0],"2":[0],"3":[0,0],"4":[0],"5":[0,0],"6":[0]}}
}
