TN:
SF:src\slices\feedSlice.ts
FN:22,(anonymous_13)
FN:31,(anonymous_16)
FN:33,(anonymous_17)
FN:37,(anonymous_18)
FN:43,(anonymous_19)
FN:50,(anonymous_20)
FN:51,(anonymous_21)
FNF:7
FNH:4
FNDA:0,(anonymous_13)
FNDA:1,(anonymous_16)
FNDA:1,(anonymous_17)
FNDA:1,(anonymous_18)
FNDA:1,(anonymous_19)
FNDA:0,(anonymous_20)
FNDA:0,(anonymous_21)
DA:1,1
DA:2,1
DA:14,1
DA:22,1
DA:23,0
DA:24,0
DA:27,1
DA:32,1
DA:34,1
DA:35,1
DA:38,1
DA:39,1
DA:40,1
DA:41,1
DA:44,1
DA:45,1
DA:50,1
DA:51,1
DA:53,1
LF:19
LH:17
BRDA:23,0,0,0
BRF:1
BRH:0
end_of_record
TN:
SF:src\slices\ingredientsSlice.ts
FN:21,(anonymous_0)
FN:23,(anonymous_1)
FN:26,(anonymous_2)
FN:30,(anonymous_3)
FN:37,(anonymous_4)
FN:38,(anonymous_5)
FNF:6
FNH:4
FNDA:1,(anonymous_0)
FNDA:1,(anonymous_1)
FNDA:1,(anonymous_2)
FNDA:1,(anonymous_3)
FNDA:0,(anonymous_4)
FNDA:0,(anonymous_5)
DA:1,1
DA:2,1
DA:6,1
DA:11,1
DA:17,1
DA:22,1
DA:24,1
DA:27,1
DA:28,1
DA:31,1
DA:32,1
DA:37,1
DA:38,1
DA:39,0
DA:41,1
LF:15
LH:14
BRF:0
BRH:0
end_of_record
TN:
SF:src\slices\orderSlice.ts
FN:28,(anonymous_16)
FN:34,(anonymous_19)
FN:47,(anonymous_20)
FN:53,(anonymous_21)
FN:59,(anonymous_22)
FN:70,(anonymous_23)
FN:75,(anonymous_24)
FN:85,(anonymous_25)
FN:90,(anonymous_26)
FN:92,(anonymous_27)
FN:96,(anonymous_28)
FN:101,(anonymous_29)
FNF:12
FNH:10
FNDA:0,(anonymous_16)
FNDA:0,(anonymous_19)
FNDA:1,(anonymous_20)
FNDA:1,(anonymous_21)
FNDA:1,(anonymous_22)
FNDA:1,(anonymous_23)
FNDA:1,(anonymous_24)
FNDA:1,(anonymous_25)
FNDA:1,(anonymous_26)
FNDA:1,(anonymous_27)
FNDA:1,(anonymous_28)
FNDA:1,(anonymous_29)
DA:1,1
DA:2,1
DA:16,1
DA:26,1
DA:28,0
DA:29,0
DA:30,0
DA:32,0
DA:34,0
DA:38,0
DA:42,1
DA:48,1
DA:57,1
DA:60,1
DA:71,1
DA:79,1
DA:80,1
DA:81,1
DA:82,1
DA:86,1
DA:91,1
DA:93,1
DA:94,1
DA:97,1
DA:98,1
DA:99,1
DA:102,1
DA:103,1
DA:109,1
DA:116,1
LF:30
LH:24
BRDA:38,0,0,0
BRDA:33,1,0,0
BRDA:33,1,1,0
BRDA:33,2,0,0
BRDA:33,2,1,0
BRDA:35,3,0,0
BRDA:35,3,1,0
BRDA:35,4,0,0
BRDA:35,4,1,0
BRF:9
BRH:0
end_of_record
TN:
SF:src\slices\ordersFeedSlice.ts
FN:22,(anonymous_13)
FN:22,(anonymous_14)
FN:32,(anonymous_16)
FN:35,(anonymous_17)
FN:39,(anonymous_18)
FN:43,(anonymous_19)
FN:44,(anonymous_20)
FN:50,(anonymous_21)
FNF:8
FNH:5
FNDA:0,(anonymous_13)
FNDA:0,(anonymous_14)
FNDA:1,(anonymous_16)
FNDA:1,(anonymous_17)
FNDA:1,(anonymous_18)
FNDA:1,(anonymous_19)
FNDA:1,(anonymous_20)
FNDA:0,(anonymous_21)
DA:1,1
DA:2,1
DA:13,1
DA:20,1
DA:22,0
DA:23,0
DA:24,0
DA:28,1
DA:33,1
DA:36,1
DA:37,1
DA:40,1
DA:44,1
DA:45,1
DA:50,1
DA:51,0
DA:53,1
DA:56,1
LF:18
LH:14
BRDA:23,0,0,0
BRF:1
BRH:0
end_of_record
TN:
SF:src\slices\profileOrdersSlice.ts
FN:27,(anonymous_13)
FN:27,(anonymous_14)
FN:37,(anonymous_16)
FN:41,(anonymous_17)
FN:43,(anonymous_18)
FN:46,(anonymous_19)
FN:50,(anonymous_20)
FN:58,(anonymous_21)
FN:61,(anonymous_22)
FNF:9
FNH:5
FNDA:0,(anonymous_13)
FNDA:0,(anonymous_14)
FNDA:1,(anonymous_16)
FNDA:1,(anonymous_17)
FNDA:1,(anonymous_18)
FNDA:1,(anonymous_19)
FNDA:1,(anonymous_20)
FNDA:0,(anonymous_21)
FNDA:0,(anonymous_22)
DA:1,1
DA:2,1
DA:13,1
DA:20,1
DA:25,1
DA:27,0
DA:28,0
DA:29,0
DA:33,1
DA:38,1
DA:42,1
DA:44,1
DA:47,1
DA:48,1
DA:51,1
DA:56,1
DA:58,1
DA:59,0
DA:61,1
DA:62,0
DA:64,1
LF:21
LH:16
BRDA:28,0,0,0
BRF:1
BRH:0
end_of_record
TN:
SF:src\slices\userSlice.ts
FN:34,(anonymous_13)
FN:34,(anonymous_14)
FN:46,(anonymous_16)
FN:46,(anonymous_17)
FN:58,(anonymous_19)
FN:70,(anonymous_22)
FN:70,(anonymous_23)
FN:76,(anonymous_25)
FN:87,(anonymous_28)
FN:88,(anonymous_29)
FN:92,(anonymous_30)
FN:98,(anonymous_31)
FN:103,(anonymous_32)
FN:107,(anonymous_33)
FN:113,(anonymous_34)
FN:120,(anonymous_35)
FN:124,(anonymous_36)
FN:130,(anonymous_37)
FN:136,(anonymous_38)
FN:140,(anonymous_39)
FN:144,(anonymous_40)
FN:149,(anonymous_41)
FNF:22
FNH:5
FNDA:0,(anonymous_13)
FNDA:0,(anonymous_14)
FNDA:0,(anonymous_16)
FNDA:0,(anonymous_17)
FNDA:0,(anonymous_19)
FNDA:0,(anonymous_22)
FNDA:0,(anonymous_23)
FNDA:0,(anonymous_25)
FNDA:1,(anonymous_28)
FNDA:0,(anonymous_29)
FNDA:0,(anonymous_30)
FNDA:0,(anonymous_31)
FNDA:1,(anonymous_32)
FNDA:1,(anonymous_33)
FNDA:1,(anonymous_34)
FNDA:0,(anonymous_35)
FNDA:0,(anonymous_36)
FNDA:0,(anonymous_37)
FNDA:0,(anonymous_38)
FNDA:0,(anonymous_39)
FNDA:0,(anonymous_40)
FNDA:1,(anonymous_41)
DA:1,1
DA:2,1
DA:9,1
DA:24,1
DA:32,1
DA:34,0
DA:35,0
DA:37,0
DA:38,0
DA:40,0
DA:44,1
DA:46,0
DA:47,0
DA:49,0
DA:50,0
DA:52,0
DA:56,1
DA:58,0
DA:60,0
DA:61,0
DA:63,0
DA:68,1
DA:70,0
DA:71,0
DA:72,0
DA:76,1
DA:77,0
DA:78,0
DA:79,0
DA:82,1
DA:88,1
DA:89,0
DA:90,0
DA:92,1
DA:93,0
DA:94,0
DA:95,0
DA:96,0
DA:98,1
DA:99,0
DA:100,0
DA:103,1
DA:104,1
DA:105,1
DA:107,1
DA:108,1
DA:109,1
DA:110,1
DA:111,1
DA:113,1
DA:114,1
DA:115,1
DA:116,1
DA:117,1
DA:120,1
DA:121,0
DA:122,0
DA:124,1
DA:125,0
DA:126,0
DA:127,0
DA:128,0
DA:130,1
DA:131,0
DA:132,0
DA:133,0
DA:136,1
DA:137,0
DA:138,0
DA:140,1
DA:141,0
DA:142,0
DA:144,1
DA:145,0
DA:146,0
DA:149,1
DA:150,1
DA:151,1
DA:156,1
LF:79
LH:36
BRDA:35,0,0,0
BRDA:47,1,0,0
BRDA:71,2,0,0
BRDA:77,3,0,0
BRF:4
BRH:0
end_of_record
TN:
SF:src\utils\burger-api.ts
FN:6,(anonymous_13)
FN:7,(anonymous_14)
FN:18,(anonymous_15)
FN:26,(anonymous_16)
FN:27,(anonymous_17)
FN:38,(anonymous_18)
FN:40,(anonymous_19)
FN:69,(anonymous_21)
FN:71,(anonymous_22)
FN:72,(anonymous_23)
FN:80,(anonymous_24)
FN:82,(anonymous_25)
FN:83,(anonymous_26)
FN:85,(anonymous_27)
FN:92,(anonymous_28)
FN:96,(anonymous_29)
FN:104,(anonymous_30)
FN:108,(anonymous_31)
FN:112,(anonymous_32)
FN:131,(anonymous_33)
FN:137,(anonymous_34)
FN:138,(anonymous_35)
FN:140,(anonymous_36)
FN:146,(anonymous_37)
FN:147,(anonymous_38)
FN:149,(anonymous_39)
FN:154,(anonymous_40)
FN:156,(anonymous_41)
FN:161,(anonymous_42)
FN:165,(anonymous_43)
FN:172,(anonymous_44)
FN:182,(anonymous_45)
FN:189,(anonymous_46)
FNF:33
FNH:0
FNDA:0,(anonymous_13)
FNDA:0,(anonymous_14)
FNDA:0,(anonymous_15)
FNDA:0,(anonymous_16)
FNDA:0,(anonymous_17)
FNDA:0,(anonymous_18)
FNDA:0,(anonymous_19)
FNDA:0,(anonymous_21)
FNDA:0,(anonymous_22)
FNDA:0,(anonymous_23)
FNDA:0,(anonymous_24)
FNDA:0,(anonymous_25)
FNDA:0,(anonymous_26)
FNDA:0,(anonymous_27)
FNDA:0,(anonymous_28)
FNDA:0,(anonymous_29)
FNDA:0,(anonymous_30)
FNDA:0,(anonymous_31)
FNDA:0,(anonymous_32)
FNDA:0,(anonymous_33)
FNDA:0,(anonymous_34)
FNDA:0,(anonymous_35)
FNDA:0,(anonymous_36)
FNDA:0,(anonymous_37)
FNDA:0,(anonymous_38)
FNDA:0,(anonymous_39)
FNDA:0,(anonymous_40)
FNDA:0,(anonymous_41)
FNDA:0,(anonymous_42)
FNDA:0,(anonymous_43)
FNDA:0,(anonymous_44)
FNDA:0,(anonymous_45)
FNDA:0,(anonymous_46)
DA:1,6
DA:4,6
DA:6,6
DA:7,0
DA:18,6
DA:19,0
DA:26,0
DA:28,0
DA:30,0
DA:32,0
DA:33,0
DA:35,0
DA:38,6
DA:40,0
DA:43,0
DA:44,0
DA:46,0
DA:47,0
DA:48,0
DA:50,0
DA:51,0
DA:54,0
DA:55,0
DA:59,0
DA:60,0
DA:63,0
DA:69,6
DA:70,0
DA:71,0
DA:72,0
DA:80,6
DA:81,0
DA:82,0
DA:83,0
DA:85,6
DA:86,0
DA:92,0
DA:96,6
DA:97,0
DA:104,0
DA:108,6
DA:109,0
DA:112,0
DA:131,6
DA:132,0
DA:137,0
DA:138,0
DA:140,6
DA:141,0
DA:146,0
DA:147,0
DA:149,6
DA:150,0
DA:154,0
DA:156,6
DA:157,0
DA:161,0
DA:165,6
DA:166,0
DA:172,6
DA:173,0
DA:182,6
DA:183,0
DA:189,0
LF:64
LH:17
BRDA:7,0,0,0
BRDA:7,0,1,0
BRDA:28,1,0,0
BRDA:44,2,0,0
BRDA:44,2,1,0
BRDA:46,3,0,0
BRDA:46,4,0,0
BRDA:46,4,1,0
BRDA:46,5,0,0
BRDA:46,5,1,0
BRDA:50,6,0,0
BRDA:59,7,0,0
BRDA:59,8,0,0
BRDA:59,8,1,0
BRDA:59,9,0,0
BRDA:59,9,1,0
BRDA:59,10,0,0
BRDA:59,10,1,0
BRDA:59,11,0,0
BRDA:59,11,1,0
BRDA:59,12,0,0
BRDA:59,12,1,0
BRDA:72,13,0,0
BRDA:72,13,1,0
BRDA:83,14,0,0
BRDA:83,14,1,0
BRDA:92,15,0,0
BRDA:92,15,1,0
BRDA:104,16,0,0
BRDA:104,16,1,0
BRDA:138,17,0,0
BRDA:138,17,1,0
BRDA:147,18,0,0
BRDA:147,18,1,0
BRF:34
BRH:0
end_of_record
TN:
SF:src\utils\cookie.ts
FN:1,getCookie
FN:13,setCookie
FN:45,deleteCookie
FNF:3
FNH:0
FNDA:0,getCookie
FNDA:0,setCookie
FNDA:0,deleteCookie
DA:1,6
DA:2,0
DA:10,0
DA:13,6
DA:16,0
DA:18,0
DA:23,0
DA:24,0
DA:25,0
DA:26,0
DA:27,0
DA:30,0
DA:31,0
DA:33,0
DA:34,0
DA:35,0
DA:36,0
DA:37,0
DA:38,0
DA:39,0
DA:42,0
DA:45,6
DA:46,0
LF:23
LH:3
BRDA:10,0,0,0
BRDA:10,0,1,0
BRDA:16,1,0,0
BRDA:24,2,0,0
BRDA:24,3,0,0
BRDA:24,3,1,0
BRDA:30,4,0,0
BRDA:30,5,0,0
BRDA:30,5,1,0
BRDA:38,6,0,0
BRF:10
BRH:0
end_of_record
